{
  "RSpec": {
    "coverage": {
      "/home/carlos/CampusCode/gitlab_projects/emprego-ja/app/helpers/application_helper.rb": [
        1,
        null
      ],
      "/home/carlos/CampusCode/gitlab_projects/emprego-ja/app/controllers/home_controller.rb": [
        1,
        1,
        1,
        null,
        null
      ],
      "/home/carlos/CampusCode/gitlab_projects/emprego-ja/app/controllers/application_controller.rb": [
        1,
        null,
        null,
        1,
        null
      ],
      "/home/carlos/CampusCode/gitlab_projects/emprego-ja/app/models/job.rb": [
        1,
        null
      ],
      "/home/carlos/CampusCode/gitlab_projects/emprego-ja/app/controllers/jobs_controller.rb": [
        0,
        0,
        0,
        0,
        0
      ],
      "/home/carlos/CampusCode/gitlab_projects/emprego-ja/app/controllers/welcome_controller.rb": [
        0,
        0,
        0,
        0
      ]
    },
    "timestamp": 1453749154
  }
}
