{
  "RSpec": {
    "coverage": {
      "/home/carlos/CampusCode/gitlab_projects/emprego-ja/app/helpers/application_helper.rb": [
        1,
        null
      ],
      "/home/carlos/CampusCode/gitlab_projects/emprego-ja/app/models/company.rb": [
        1,
        1,
        1,
        null,
        1,
        4,
        null,
        null
      ],
      "/home/carlos/CampusCode/gitlab_projects/emprego-ja/app/models/category.rb": [
        1,
        1,
        1,
        null
      ],
      "/home/carlos/CampusCode/gitlab_projects/emprego-ja/app/models/job.rb": [
        1,
        1,
        1,
        1,
        null,
        1,
        null,
        1,
        7,
        null,
        null
      ],
      "/home/carlos/CampusCode/gitlab_projects/emprego-ja/app/controllers/home_controller.rb": [
        1,
        1,
        2,
        2,
        2,
        null,
        null
      ],
      "/home/carlos/CampusCode/gitlab_projects/emprego-ja/app/controllers/application_controller.rb": [
        1,
        null,
        null,
        1,
        null
      ],
      "/home/carlos/CampusCode/gitlab_projects/emprego-ja/app/controllers/categories_controller.rb": [
        0,
        0,
        0,
        0,
        0,
        0,
        0,
        0,
        0,
        0,
        0,
        0,
        0,
        0,
        0,
        0,
        0,
        0,
        0,
        0,
        0,
        0,
        0,
        0
      ],
      "/home/carlos/CampusCode/gitlab_projects/emprego-ja/app/controllers/companies_controller.rb": [
        0,
        0,
        0,
        0,
        0,
        0,
        0,
        0,
        0,
        0,
        0,
        0,
        0,
        0,
        0,
        0,
        0,
        0,
        0,
        0,
        0,
        0,
        0,
        0,
        0,
        0,
        0,
        0,
        0,
        0,
        0,
        0,
        0,
        0,
        0,
        0,
        0,
        0,
        0,
        0,
        0
      ],
      "/home/carlos/CampusCode/gitlab_projects/emprego-ja/app/controllers/jobs_controller.rb": [
        0,
        0,
        0,
        0,
        0,
        0,
        0,
        0,
        0,
        0,
        0,
        0,
        0,
        0,
        0,
        0,
        0,
        0,
        0,
        0,
        0,
        0,
        0,
        0,
        0,
        0,
        0,
        0,
        0,
        0,
        0,
        0,
        0,
        0,
        0,
        0,
        0,
        0,
        0,
        0,
        0,
        0,
        0,
        0,
        0,
        0,
        0,
        0,
        0,
        0,
        0,
        0,
        0,
        0,
        0
      ]
    },
    "timestamp": 1454100132
  }
}
